Created by PLY version 3.11 (http://www.dabeaz.com/ply)

Unused terminals:

    FOR
    PROGRAMA

Grammar

Rule 0     S' -> programa
Rule 1     programa -> ID ; vars programaF main
Rule 2     main -> MAIN ( ) bloque
Rule 3     programaF -> function programaF
Rule 4     programaF -> empty
Rule 5     function -> FUNCTION tipoRetorno ID ( functionParam ) functionAux bloque
Rule 6     function -> empty
Rule 7     functionAux -> <empty>
Rule 8     tipoRetorno -> INT
Rule 9     tipoRetorno -> FLOAT
Rule 10    tipoRetorno -> VOID
Rule 11    bloque -> { cuerpo }
Rule 12    cuerpo -> vars estatutop
Rule 13    estatutop -> estatuto estatutop
Rule 14    estatutop -> empty
Rule 15    estatuto -> asignacion
Rule 16    estatuto -> condicion
Rule 17    estatuto -> write
Rule 18    estatuto -> while
Rule 19    estatuto -> return
Rule 20    estatuto -> empty
Rule 21    return -> RETURN superexpresion ;
Rule 22    condicion -> IF ( superexpresion ) bloque condicionelse
Rule 23    condicionelse -> ELSE bloque
Rule 24    condicionelse -> empty
Rule 25    write -> WRITE ( superexpresion ) ;
Rule 26    while -> WHILE ( superexpresion ) bloque
Rule 27    asignacion -> vars
Rule 28    asignacion -> id asignacionp
Rule 29    asignacionp -> = superexpresion ;
Rule 30    asignacionp -> [ superexpresion ] ;
Rule 31    superexpresion -> megaexpresion superexpresionp
Rule 32    superexpresionp -> AND superexpresion
Rule 33    superexpresionp -> OR superexpresion
Rule 34    superexpresionp -> empty
Rule 35    megaexpresion -> exp megaexpresionp
Rule 36    megaexpresionp -> < exp
Rule 37    megaexpresionp -> > exp
Rule 38    megaexpresionp -> EQUALS exp
Rule 39    megaexpresionp -> DIFF exp
Rule 40    megaexpresionp -> LTHANEQ exp
Rule 41    megaexpresionp -> GTHANEQ exp
Rule 42    megaexpresionp -> empty
Rule 43    exp -> termino expp
Rule 44    expp -> + exp
Rule 45    expp -> - exp
Rule 46    expp -> empty
Rule 47    termino -> factor terminop
Rule 48    terminop -> * termino
Rule 49    terminop -> / termino
Rule 50    terminop -> empty
Rule 51    factor -> constante
Rule 52    factor -> lParen superexpresion rParen
Rule 53    lParen -> (
Rule 54    rParen -> )
Rule 55    constante -> id
Rule 56    constante -> CTEF ctef
Rule 57    constante -> CTEI ctei
Rule 58    ctef -> <empty>
Rule 59    ctei -> <empty>
Rule 60    functionParam -> parametro
Rule 61    functionParam -> empty
Rule 62    parametro -> tipo ID parametrop
Rule 63    parametrop -> , parametro
Rule 64    parametrop -> empty
Rule 65    vars -> varsp
Rule 66    varsp -> tipo varspp ; varsp
Rule 67    varsp -> empty
Rule 68    varspp -> ID varsppp
Rule 69    varsppp -> , varspp
Rule 70    varsppp -> empty
Rule 71    tipo -> INT
Rule 72    tipo -> FLOAT
Rule 73    tipo -> CHAR
Rule 74    id -> ID idp
Rule 75    idp -> ( idpp )
Rule 76    idp -> [ superexpresion ]
Rule 77    idp -> empty
Rule 78    idpp -> superexpresion idppp
Rule 79    idpp -> empty
Rule 80    idppp -> , idpp
Rule 81    idppp -> empty
Rule 82    empty -> <empty>

Terminals, with rules where they appear

(                    : 2 5 22 25 26 53 75
)                    : 2 5 22 25 26 54 75
*                    : 48
+                    : 44
,                    : 63 69 80
-                    : 45
/                    : 49
;                    : 1 21 25 29 30 66
<                    : 36
=                    : 29
>                    : 37
AND                  : 32
CHAR                 : 73
CTEF                 : 56
CTEI                 : 57
DIFF                 : 39
ELSE                 : 23
EQUALS               : 38
FLOAT                : 9 72
FOR                  : 
FUNCTION             : 5
GTHANEQ              : 41
ID                   : 1 5 62 68 74
IF                   : 22
INT                  : 8 71
LTHANEQ              : 40
MAIN                 : 2
OR                   : 33
PROGRAMA             : 
RETURN               : 21
VOID                 : 10
WHILE                : 26
WRITE                : 25
[                    : 30 76
]                    : 30 76
error                : 
{                    : 11
}                    : 11

Nonterminals, with rules where they appear

asignacion           : 15
asignacionp          : 28
bloque               : 2 5 22 23 26
condicion            : 16
condicionelse        : 22
constante            : 51
ctef                 : 56
ctei                 : 57
cuerpo               : 11
empty                : 4 6 14 20 24 34 42 46 50 61 64 67 70 77 79 81
estatuto             : 13
estatutop            : 12 13
exp                  : 35 36 37 38 39 40 41 44 45
expp                 : 43
factor               : 47
function             : 3
functionAux          : 5
functionParam        : 5
id                   : 28 55
idp                  : 74
idpp                 : 75 80
idppp                : 78
lParen               : 52
main                 : 1
megaexpresion        : 31
megaexpresionp       : 35
parametro            : 60 63
parametrop           : 62
programa             : 0
programaF            : 1 3
rParen               : 52
return               : 19
superexpresion       : 21 22 25 26 29 30 32 33 52 76 78
superexpresionp      : 31
termino              : 43 48 49
terminop             : 47
tipo                 : 62 66
tipoRetorno          : 5
vars                 : 1 12 27
varsp                : 65 66
varspp               : 66 69
varsppp              : 68
while                : 18
write                : 17

Parsing method: LALR

state 0

    (0) S' -> . programa
    (1) programa -> . ID ; vars programaF main

    ID              shift and go to state 2

    programa                       shift and go to state 1

state 1

    (0) S' -> programa .



state 2

    (1) programa -> ID . ; vars programaF main

    ;               shift and go to state 3


state 3

    (1) programa -> ID ; . vars programaF main
    (65) vars -> . varsp
    (66) varsp -> . tipo varspp ; varsp
    (67) varsp -> . empty
    (71) tipo -> . INT
    (72) tipo -> . FLOAT
    (73) tipo -> . CHAR
    (82) empty -> .

    INT             shift and go to state 8
    FLOAT           shift and go to state 9
    CHAR            shift and go to state 10
    FUNCTION        reduce using rule 82 (empty -> .)
    MAIN            reduce using rule 82 (empty -> .)

    vars                           shift and go to state 4
    varsp                          shift and go to state 5
    tipo                           shift and go to state 6
    empty                          shift and go to state 7

state 4

    (1) programa -> ID ; vars . programaF main
    (3) programaF -> . function programaF
    (4) programaF -> . empty
    (5) function -> . FUNCTION tipoRetorno ID ( functionParam ) functionAux bloque
    (6) function -> . empty
    (82) empty -> .

  ! shift/reduce conflict for FUNCTION resolved as shift
    FUNCTION        shift and go to state 14
    MAIN            reduce using rule 82 (empty -> .)

  ! FUNCTION        [ reduce using rule 82 (empty -> .) ]

    programaF                      shift and go to state 11
    function                       shift and go to state 12
    empty                          shift and go to state 13

state 5

    (65) vars -> varsp .

    FUNCTION        reduce using rule 65 (vars -> varsp .)
    MAIN            reduce using rule 65 (vars -> varsp .)
    IF              reduce using rule 65 (vars -> varsp .)
    WRITE           reduce using rule 65 (vars -> varsp .)
    WHILE           reduce using rule 65 (vars -> varsp .)
    RETURN          reduce using rule 65 (vars -> varsp .)
    ID              reduce using rule 65 (vars -> varsp .)
    INT             reduce using rule 65 (vars -> varsp .)
    FLOAT           reduce using rule 65 (vars -> varsp .)
    CHAR            reduce using rule 65 (vars -> varsp .)
    }               reduce using rule 65 (vars -> varsp .)


state 6

    (66) varsp -> tipo . varspp ; varsp
    (68) varspp -> . ID varsppp

    ID              shift and go to state 16

    varspp                         shift and go to state 15

state 7

    (67) varsp -> empty .

    FUNCTION        reduce using rule 67 (varsp -> empty .)
    MAIN            reduce using rule 67 (varsp -> empty .)
    IF              reduce using rule 67 (varsp -> empty .)
    WRITE           reduce using rule 67 (varsp -> empty .)
    WHILE           reduce using rule 67 (varsp -> empty .)
    RETURN          reduce using rule 67 (varsp -> empty .)
    ID              reduce using rule 67 (varsp -> empty .)
    INT             reduce using rule 67 (varsp -> empty .)
    FLOAT           reduce using rule 67 (varsp -> empty .)
    CHAR            reduce using rule 67 (varsp -> empty .)
    }               reduce using rule 67 (varsp -> empty .)


state 8

    (71) tipo -> INT .

    ID              reduce using rule 71 (tipo -> INT .)


state 9

    (72) tipo -> FLOAT .

    ID              reduce using rule 72 (tipo -> FLOAT .)


state 10

    (73) tipo -> CHAR .

    ID              reduce using rule 73 (tipo -> CHAR .)


state 11

    (1) programa -> ID ; vars programaF . main
    (2) main -> . MAIN ( ) bloque

    MAIN            shift and go to state 18

    main                           shift and go to state 17

state 12

    (3) programaF -> function . programaF
    (3) programaF -> . function programaF
    (4) programaF -> . empty
    (5) function -> . FUNCTION tipoRetorno ID ( functionParam ) functionAux bloque
    (6) function -> . empty
    (82) empty -> .

  ! shift/reduce conflict for FUNCTION resolved as shift
    FUNCTION        shift and go to state 14
    MAIN            reduce using rule 82 (empty -> .)

  ! FUNCTION        [ reduce using rule 82 (empty -> .) ]

    function                       shift and go to state 12
    programaF                      shift and go to state 19
    empty                          shift and go to state 13

state 13

    (4) programaF -> empty .
    (6) function -> empty .

  ! reduce/reduce conflict for MAIN resolved using rule 4 (programaF -> empty .)
    MAIN            reduce using rule 4 (programaF -> empty .)
    FUNCTION        reduce using rule 6 (function -> empty .)

  ! MAIN            [ reduce using rule 6 (function -> empty .) ]


state 14

    (5) function -> FUNCTION . tipoRetorno ID ( functionParam ) functionAux bloque
    (8) tipoRetorno -> . INT
    (9) tipoRetorno -> . FLOAT
    (10) tipoRetorno -> . VOID

    INT             shift and go to state 21
    FLOAT           shift and go to state 22
    VOID            shift and go to state 23

    tipoRetorno                    shift and go to state 20

state 15

    (66) varsp -> tipo varspp . ; varsp

    ;               shift and go to state 24


state 16

    (68) varspp -> ID . varsppp
    (69) varsppp -> . , varspp
    (70) varsppp -> . empty
    (82) empty -> .

    ,               shift and go to state 26
    ;               reduce using rule 82 (empty -> .)

    varsppp                        shift and go to state 25
    empty                          shift and go to state 27

state 17

    (1) programa -> ID ; vars programaF main .

    $end            reduce using rule 1 (programa -> ID ; vars programaF main .)


state 18

    (2) main -> MAIN . ( ) bloque

    (               shift and go to state 28


state 19

    (3) programaF -> function programaF .

    MAIN            reduce using rule 3 (programaF -> function programaF .)


state 20

    (5) function -> FUNCTION tipoRetorno . ID ( functionParam ) functionAux bloque

    ID              shift and go to state 29


state 21

    (8) tipoRetorno -> INT .

    ID              reduce using rule 8 (tipoRetorno -> INT .)


state 22

    (9) tipoRetorno -> FLOAT .

    ID              reduce using rule 9 (tipoRetorno -> FLOAT .)


state 23

    (10) tipoRetorno -> VOID .

    ID              reduce using rule 10 (tipoRetorno -> VOID .)


state 24

    (66) varsp -> tipo varspp ; . varsp
    (66) varsp -> . tipo varspp ; varsp
    (67) varsp -> . empty
    (71) tipo -> . INT
    (72) tipo -> . FLOAT
    (73) tipo -> . CHAR
    (82) empty -> .

  ! shift/reduce conflict for INT resolved as shift
  ! shift/reduce conflict for FLOAT resolved as shift
  ! shift/reduce conflict for CHAR resolved as shift
    INT             shift and go to state 8
    FLOAT           shift and go to state 9
    CHAR            shift and go to state 10
    FUNCTION        reduce using rule 82 (empty -> .)
    MAIN            reduce using rule 82 (empty -> .)
    IF              reduce using rule 82 (empty -> .)
    WRITE           reduce using rule 82 (empty -> .)
    WHILE           reduce using rule 82 (empty -> .)
    RETURN          reduce using rule 82 (empty -> .)
    ID              reduce using rule 82 (empty -> .)
    }               reduce using rule 82 (empty -> .)

  ! INT             [ reduce using rule 82 (empty -> .) ]
  ! FLOAT           [ reduce using rule 82 (empty -> .) ]
  ! CHAR            [ reduce using rule 82 (empty -> .) ]

    tipo                           shift and go to state 6
    varsp                          shift and go to state 30
    empty                          shift and go to state 7

state 25

    (68) varspp -> ID varsppp .

    ;               reduce using rule 68 (varspp -> ID varsppp .)


state 26

    (69) varsppp -> , . varspp
    (68) varspp -> . ID varsppp

    ID              shift and go to state 16

    varspp                         shift and go to state 31

state 27

    (70) varsppp -> empty .

    ;               reduce using rule 70 (varsppp -> empty .)


state 28

    (2) main -> MAIN ( . ) bloque

    )               shift and go to state 32


state 29

    (5) function -> FUNCTION tipoRetorno ID . ( functionParam ) functionAux bloque

    (               shift and go to state 33


state 30

    (66) varsp -> tipo varspp ; varsp .

    FUNCTION        reduce using rule 66 (varsp -> tipo varspp ; varsp .)
    MAIN            reduce using rule 66 (varsp -> tipo varspp ; varsp .)
    IF              reduce using rule 66 (varsp -> tipo varspp ; varsp .)
    WRITE           reduce using rule 66 (varsp -> tipo varspp ; varsp .)
    WHILE           reduce using rule 66 (varsp -> tipo varspp ; varsp .)
    RETURN          reduce using rule 66 (varsp -> tipo varspp ; varsp .)
    ID              reduce using rule 66 (varsp -> tipo varspp ; varsp .)
    INT             reduce using rule 66 (varsp -> tipo varspp ; varsp .)
    FLOAT           reduce using rule 66 (varsp -> tipo varspp ; varsp .)
    CHAR            reduce using rule 66 (varsp -> tipo varspp ; varsp .)
    }               reduce using rule 66 (varsp -> tipo varspp ; varsp .)


state 31

    (69) varsppp -> , varspp .

    ;               reduce using rule 69 (varsppp -> , varspp .)


state 32

    (2) main -> MAIN ( ) . bloque
    (11) bloque -> . { cuerpo }

    {               shift and go to state 35

    bloque                         shift and go to state 34

state 33

    (5) function -> FUNCTION tipoRetorno ID ( . functionParam ) functionAux bloque
    (60) functionParam -> . parametro
    (61) functionParam -> . empty
    (62) parametro -> . tipo ID parametrop
    (82) empty -> .
    (71) tipo -> . INT
    (72) tipo -> . FLOAT
    (73) tipo -> . CHAR

    )               reduce using rule 82 (empty -> .)
    INT             shift and go to state 8
    FLOAT           shift and go to state 9
    CHAR            shift and go to state 10

    functionParam                  shift and go to state 36
    parametro                      shift and go to state 37
    empty                          shift and go to state 38
    tipo                           shift and go to state 39

state 34

    (2) main -> MAIN ( ) bloque .

    $end            reduce using rule 2 (main -> MAIN ( ) bloque .)


state 35

    (11) bloque -> { . cuerpo }
    (12) cuerpo -> . vars estatutop
    (65) vars -> . varsp
    (66) varsp -> . tipo varspp ; varsp
    (67) varsp -> . empty
    (71) tipo -> . INT
    (72) tipo -> . FLOAT
    (73) tipo -> . CHAR
    (82) empty -> .

  ! shift/reduce conflict for INT resolved as shift
  ! shift/reduce conflict for FLOAT resolved as shift
  ! shift/reduce conflict for CHAR resolved as shift
    INT             shift and go to state 8
    FLOAT           shift and go to state 9
    CHAR            shift and go to state 10
    IF              reduce using rule 82 (empty -> .)
    WRITE           reduce using rule 82 (empty -> .)
    WHILE           reduce using rule 82 (empty -> .)
    RETURN          reduce using rule 82 (empty -> .)
    ID              reduce using rule 82 (empty -> .)
    }               reduce using rule 82 (empty -> .)

  ! INT             [ reduce using rule 82 (empty -> .) ]
  ! FLOAT           [ reduce using rule 82 (empty -> .) ]
  ! CHAR            [ reduce using rule 82 (empty -> .) ]

    cuerpo                         shift and go to state 40
    vars                           shift and go to state 41
    varsp                          shift and go to state 5
    tipo                           shift and go to state 6
    empty                          shift and go to state 7

state 36

    (5) function -> FUNCTION tipoRetorno ID ( functionParam . ) functionAux bloque

    )               shift and go to state 42


state 37

    (60) functionParam -> parametro .

    )               reduce using rule 60 (functionParam -> parametro .)


state 38

    (61) functionParam -> empty .

    )               reduce using rule 61 (functionParam -> empty .)


state 39

    (62) parametro -> tipo . ID parametrop

    ID              shift and go to state 43


state 40

    (11) bloque -> { cuerpo . }

    }               shift and go to state 44


state 41

    (12) cuerpo -> vars . estatutop
    (13) estatutop -> . estatuto estatutop
    (14) estatutop -> . empty
    (15) estatuto -> . asignacion
    (16) estatuto -> . condicion
    (17) estatuto -> . write
    (18) estatuto -> . while
    (19) estatuto -> . return
    (20) estatuto -> . empty
    (82) empty -> .
    (27) asignacion -> . vars
    (28) asignacion -> . id asignacionp
    (22) condicion -> . IF ( superexpresion ) bloque condicionelse
    (25) write -> . WRITE ( superexpresion ) ;
    (26) while -> . WHILE ( superexpresion ) bloque
    (21) return -> . RETURN superexpresion ;
    (65) vars -> . varsp
    (74) id -> . ID idp
    (66) varsp -> . tipo varspp ; varsp
    (67) varsp -> . empty
    (71) tipo -> . INT
    (72) tipo -> . FLOAT
    (73) tipo -> . CHAR

  ! shift/reduce conflict for IF resolved as shift
  ! shift/reduce conflict for WRITE resolved as shift
  ! shift/reduce conflict for WHILE resolved as shift
  ! shift/reduce conflict for RETURN resolved as shift
  ! shift/reduce conflict for ID resolved as shift
  ! shift/reduce conflict for INT resolved as shift
  ! shift/reduce conflict for FLOAT resolved as shift
  ! shift/reduce conflict for CHAR resolved as shift
    }               reduce using rule 82 (empty -> .)
    IF              shift and go to state 55
    WRITE           shift and go to state 56
    WHILE           shift and go to state 57
    RETURN          shift and go to state 58
    ID              shift and go to state 59
    INT             shift and go to state 8
    FLOAT           shift and go to state 9
    CHAR            shift and go to state 10

  ! IF              [ reduce using rule 82 (empty -> .) ]
  ! WRITE           [ reduce using rule 82 (empty -> .) ]
  ! WHILE           [ reduce using rule 82 (empty -> .) ]
  ! RETURN          [ reduce using rule 82 (empty -> .) ]
  ! ID              [ reduce using rule 82 (empty -> .) ]
  ! INT             [ reduce using rule 82 (empty -> .) ]
  ! FLOAT           [ reduce using rule 82 (empty -> .) ]
  ! CHAR            [ reduce using rule 82 (empty -> .) ]

    vars                           shift and go to state 45
    estatutop                      shift and go to state 46
    estatuto                       shift and go to state 47
    empty                          shift and go to state 48
    asignacion                     shift and go to state 49
    condicion                      shift and go to state 50
    write                          shift and go to state 51
    while                          shift and go to state 52
    return                         shift and go to state 53
    id                             shift and go to state 54
    varsp                          shift and go to state 5
    tipo                           shift and go to state 6

state 42

    (5) function -> FUNCTION tipoRetorno ID ( functionParam ) . functionAux bloque
    (7) functionAux -> .

    {               reduce using rule 7 (functionAux -> .)

    functionAux                    shift and go to state 60

state 43

    (62) parametro -> tipo ID . parametrop
    (63) parametrop -> . , parametro
    (64) parametrop -> . empty
    (82) empty -> .

    ,               shift and go to state 62
    )               reduce using rule 82 (empty -> .)

    parametrop                     shift and go to state 61
    empty                          shift and go to state 63

state 44

    (11) bloque -> { cuerpo } .

    $end            reduce using rule 11 (bloque -> { cuerpo } .)
    FUNCTION        reduce using rule 11 (bloque -> { cuerpo } .)
    MAIN            reduce using rule 11 (bloque -> { cuerpo } .)
    ELSE            reduce using rule 11 (bloque -> { cuerpo } .)
    IF              reduce using rule 11 (bloque -> { cuerpo } .)
    WRITE           reduce using rule 11 (bloque -> { cuerpo } .)
    WHILE           reduce using rule 11 (bloque -> { cuerpo } .)
    RETURN          reduce using rule 11 (bloque -> { cuerpo } .)
    ID              reduce using rule 11 (bloque -> { cuerpo } .)
    INT             reduce using rule 11 (bloque -> { cuerpo } .)
    FLOAT           reduce using rule 11 (bloque -> { cuerpo } .)
    CHAR            reduce using rule 11 (bloque -> { cuerpo } .)
    }               reduce using rule 11 (bloque -> { cuerpo } .)


state 45

    (27) asignacion -> vars .

    IF              reduce using rule 27 (asignacion -> vars .)
    WRITE           reduce using rule 27 (asignacion -> vars .)
    WHILE           reduce using rule 27 (asignacion -> vars .)
    RETURN          reduce using rule 27 (asignacion -> vars .)
    ID              reduce using rule 27 (asignacion -> vars .)
    INT             reduce using rule 27 (asignacion -> vars .)
    FLOAT           reduce using rule 27 (asignacion -> vars .)
    CHAR            reduce using rule 27 (asignacion -> vars .)
    }               reduce using rule 27 (asignacion -> vars .)


state 46

    (12) cuerpo -> vars estatutop .

    }               reduce using rule 12 (cuerpo -> vars estatutop .)


state 47

    (13) estatutop -> estatuto . estatutop
    (13) estatutop -> . estatuto estatutop
    (14) estatutop -> . empty
    (15) estatuto -> . asignacion
    (16) estatuto -> . condicion
    (17) estatuto -> . write
    (18) estatuto -> . while
    (19) estatuto -> . return
    (20) estatuto -> . empty
    (82) empty -> .
    (27) asignacion -> . vars
    (28) asignacion -> . id asignacionp
    (22) condicion -> . IF ( superexpresion ) bloque condicionelse
    (25) write -> . WRITE ( superexpresion ) ;
    (26) while -> . WHILE ( superexpresion ) bloque
    (21) return -> . RETURN superexpresion ;
    (65) vars -> . varsp
    (74) id -> . ID idp
    (66) varsp -> . tipo varspp ; varsp
    (67) varsp -> . empty
    (71) tipo -> . INT
    (72) tipo -> . FLOAT
    (73) tipo -> . CHAR

  ! shift/reduce conflict for IF resolved as shift
  ! shift/reduce conflict for WRITE resolved as shift
  ! shift/reduce conflict for WHILE resolved as shift
  ! shift/reduce conflict for RETURN resolved as shift
  ! shift/reduce conflict for ID resolved as shift
  ! shift/reduce conflict for INT resolved as shift
  ! shift/reduce conflict for FLOAT resolved as shift
  ! shift/reduce conflict for CHAR resolved as shift
    }               reduce using rule 82 (empty -> .)
    IF              shift and go to state 55
    WRITE           shift and go to state 56
    WHILE           shift and go to state 57
    RETURN          shift and go to state 58
    ID              shift and go to state 59
    INT             shift and go to state 8
    FLOAT           shift and go to state 9
    CHAR            shift and go to state 10

  ! IF              [ reduce using rule 82 (empty -> .) ]
  ! WRITE           [ reduce using rule 82 (empty -> .) ]
  ! WHILE           [ reduce using rule 82 (empty -> .) ]
  ! RETURN          [ reduce using rule 82 (empty -> .) ]
  ! ID              [ reduce using rule 82 (empty -> .) ]
  ! INT             [ reduce using rule 82 (empty -> .) ]
  ! FLOAT           [ reduce using rule 82 (empty -> .) ]
  ! CHAR            [ reduce using rule 82 (empty -> .) ]

    estatuto                       shift and go to state 47
    estatutop                      shift and go to state 64
    empty                          shift and go to state 48
    asignacion                     shift and go to state 49
    condicion                      shift and go to state 50
    write                          shift and go to state 51
    while                          shift and go to state 52
    return                         shift and go to state 53
    vars                           shift and go to state 45
    id                             shift and go to state 54
    varsp                          shift and go to state 5
    tipo                           shift and go to state 6

state 48

    (14) estatutop -> empty .
    (20) estatuto -> empty .
    (67) varsp -> empty .

  ! reduce/reduce conflict for } resolved using rule 14 (estatutop -> empty .)
  ! reduce/reduce conflict for IF resolved using rule 20 (estatuto -> empty .)
  ! reduce/reduce conflict for WRITE resolved using rule 20 (estatuto -> empty .)
  ! reduce/reduce conflict for WHILE resolved using rule 20 (estatuto -> empty .)
  ! reduce/reduce conflict for RETURN resolved using rule 20 (estatuto -> empty .)
  ! reduce/reduce conflict for ID resolved using rule 20 (estatuto -> empty .)
  ! reduce/reduce conflict for INT resolved using rule 20 (estatuto -> empty .)
  ! reduce/reduce conflict for FLOAT resolved using rule 20 (estatuto -> empty .)
  ! reduce/reduce conflict for CHAR resolved using rule 20 (estatuto -> empty .)
  ! reduce/reduce conflict for } resolved using rule 14 (estatutop -> empty .)
    }               reduce using rule 14 (estatutop -> empty .)
    IF              reduce using rule 20 (estatuto -> empty .)
    WRITE           reduce using rule 20 (estatuto -> empty .)
    WHILE           reduce using rule 20 (estatuto -> empty .)
    RETURN          reduce using rule 20 (estatuto -> empty .)
    ID              reduce using rule 20 (estatuto -> empty .)
    INT             reduce using rule 20 (estatuto -> empty .)
    FLOAT           reduce using rule 20 (estatuto -> empty .)
    CHAR            reduce using rule 20 (estatuto -> empty .)

  ! }               [ reduce using rule 20 (estatuto -> empty .) ]
  ! IF              [ reduce using rule 67 (varsp -> empty .) ]
  ! WRITE           [ reduce using rule 67 (varsp -> empty .) ]
  ! WHILE           [ reduce using rule 67 (varsp -> empty .) ]
  ! RETURN          [ reduce using rule 67 (varsp -> empty .) ]
  ! ID              [ reduce using rule 67 (varsp -> empty .) ]
  ! INT             [ reduce using rule 67 (varsp -> empty .) ]
  ! FLOAT           [ reduce using rule 67 (varsp -> empty .) ]
  ! CHAR            [ reduce using rule 67 (varsp -> empty .) ]
  ! }               [ reduce using rule 67 (varsp -> empty .) ]


state 49

    (15) estatuto -> asignacion .

    IF              reduce using rule 15 (estatuto -> asignacion .)
    WRITE           reduce using rule 15 (estatuto -> asignacion .)
    WHILE           reduce using rule 15 (estatuto -> asignacion .)
    RETURN          reduce using rule 15 (estatuto -> asignacion .)
    ID              reduce using rule 15 (estatuto -> asignacion .)
    INT             reduce using rule 15 (estatuto -> asignacion .)
    FLOAT           reduce using rule 15 (estatuto -> asignacion .)
    CHAR            reduce using rule 15 (estatuto -> asignacion .)
    }               reduce using rule 15 (estatuto -> asignacion .)


state 50

    (16) estatuto -> condicion .

    IF              reduce using rule 16 (estatuto -> condicion .)
    WRITE           reduce using rule 16 (estatuto -> condicion .)
    WHILE           reduce using rule 16 (estatuto -> condicion .)
    RETURN          reduce using rule 16 (estatuto -> condicion .)
    ID              reduce using rule 16 (estatuto -> condicion .)
    INT             reduce using rule 16 (estatuto -> condicion .)
    FLOAT           reduce using rule 16 (estatuto -> condicion .)
    CHAR            reduce using rule 16 (estatuto -> condicion .)
    }               reduce using rule 16 (estatuto -> condicion .)


state 51

    (17) estatuto -> write .

    IF              reduce using rule 17 (estatuto -> write .)
    WRITE           reduce using rule 17 (estatuto -> write .)
    WHILE           reduce using rule 17 (estatuto -> write .)
    RETURN          reduce using rule 17 (estatuto -> write .)
    ID              reduce using rule 17 (estatuto -> write .)
    INT             reduce using rule 17 (estatuto -> write .)
    FLOAT           reduce using rule 17 (estatuto -> write .)
    CHAR            reduce using rule 17 (estatuto -> write .)
    }               reduce using rule 17 (estatuto -> write .)


state 52

    (18) estatuto -> while .

    IF              reduce using rule 18 (estatuto -> while .)
    WRITE           reduce using rule 18 (estatuto -> while .)
    WHILE           reduce using rule 18 (estatuto -> while .)
    RETURN          reduce using rule 18 (estatuto -> while .)
    ID              reduce using rule 18 (estatuto -> while .)
    INT             reduce using rule 18 (estatuto -> while .)
    FLOAT           reduce using rule 18 (estatuto -> while .)
    CHAR            reduce using rule 18 (estatuto -> while .)
    }               reduce using rule 18 (estatuto -> while .)


state 53

    (19) estatuto -> return .

    IF              reduce using rule 19 (estatuto -> return .)
    WRITE           reduce using rule 19 (estatuto -> return .)
    WHILE           reduce using rule 19 (estatuto -> return .)
    RETURN          reduce using rule 19 (estatuto -> return .)
    ID              reduce using rule 19 (estatuto -> return .)
    INT             reduce using rule 19 (estatuto -> return .)
    FLOAT           reduce using rule 19 (estatuto -> return .)
    CHAR            reduce using rule 19 (estatuto -> return .)
    }               reduce using rule 19 (estatuto -> return .)


state 54

    (28) asignacion -> id . asignacionp
    (29) asignacionp -> . = superexpresion ;
    (30) asignacionp -> . [ superexpresion ] ;

    =               shift and go to state 66
    [               shift and go to state 67

    asignacionp                    shift and go to state 65

state 55

    (22) condicion -> IF . ( superexpresion ) bloque condicionelse

    (               shift and go to state 68


state 56

    (25) write -> WRITE . ( superexpresion ) ;

    (               shift and go to state 69


state 57

    (26) while -> WHILE . ( superexpresion ) bloque

    (               shift and go to state 70


state 58

    (21) return -> RETURN . superexpresion ;
    (31) superexpresion -> . megaexpresion superexpresionp
    (35) megaexpresion -> . exp megaexpresionp
    (43) exp -> . termino expp
    (47) termino -> . factor terminop
    (51) factor -> . constante
    (52) factor -> . lParen superexpresion rParen
    (55) constante -> . id
    (56) constante -> . CTEF ctef
    (57) constante -> . CTEI ctei
    (53) lParen -> . (
    (74) id -> . ID idp

    CTEF            shift and go to state 79
    CTEI            shift and go to state 80
    (               shift and go to state 81
    ID              shift and go to state 59

    superexpresion                 shift and go to state 71
    megaexpresion                  shift and go to state 72
    exp                            shift and go to state 73
    termino                        shift and go to state 74
    factor                         shift and go to state 75
    constante                      shift and go to state 76
    lParen                         shift and go to state 77
    id                             shift and go to state 78

state 59

    (74) id -> ID . idp
    (75) idp -> . ( idpp )
    (76) idp -> . [ superexpresion ]
    (77) idp -> . empty
    (82) empty -> .

  ! shift/reduce conflict for [ resolved as shift
    (               shift and go to state 83
    [               shift and go to state 84
    =               reduce using rule 82 (empty -> .)
    *               reduce using rule 82 (empty -> .)
    /               reduce using rule 82 (empty -> .)
    +               reduce using rule 82 (empty -> .)
    -               reduce using rule 82 (empty -> .)
    <               reduce using rule 82 (empty -> .)
    >               reduce using rule 82 (empty -> .)
    EQUALS          reduce using rule 82 (empty -> .)
    DIFF            reduce using rule 82 (empty -> .)
    LTHANEQ         reduce using rule 82 (empty -> .)
    GTHANEQ         reduce using rule 82 (empty -> .)
    AND             reduce using rule 82 (empty -> .)
    OR              reduce using rule 82 (empty -> .)
    ;               reduce using rule 82 (empty -> .)
    ]               reduce using rule 82 (empty -> .)
    )               reduce using rule 82 (empty -> .)
    ,               reduce using rule 82 (empty -> .)

  ! [               [ reduce using rule 82 (empty -> .) ]

    idp                            shift and go to state 82
    empty                          shift and go to state 85

state 60

    (5) function -> FUNCTION tipoRetorno ID ( functionParam ) functionAux . bloque
    (11) bloque -> . { cuerpo }

    {               shift and go to state 35

    bloque                         shift and go to state 86

state 61

    (62) parametro -> tipo ID parametrop .

    )               reduce using rule 62 (parametro -> tipo ID parametrop .)


state 62

    (63) parametrop -> , . parametro
    (62) parametro -> . tipo ID parametrop
    (71) tipo -> . INT
    (72) tipo -> . FLOAT
    (73) tipo -> . CHAR

    INT             shift and go to state 8
    FLOAT           shift and go to state 9
    CHAR            shift and go to state 10

    parametro                      shift and go to state 87
    tipo                           shift and go to state 39

state 63

    (64) parametrop -> empty .

    )               reduce using rule 64 (parametrop -> empty .)


state 64

    (13) estatutop -> estatuto estatutop .

    }               reduce using rule 13 (estatutop -> estatuto estatutop .)


state 65

    (28) asignacion -> id asignacionp .

    IF              reduce using rule 28 (asignacion -> id asignacionp .)
    WRITE           reduce using rule 28 (asignacion -> id asignacionp .)
    WHILE           reduce using rule 28 (asignacion -> id asignacionp .)
    RETURN          reduce using rule 28 (asignacion -> id asignacionp .)
    ID              reduce using rule 28 (asignacion -> id asignacionp .)
    INT             reduce using rule 28 (asignacion -> id asignacionp .)
    FLOAT           reduce using rule 28 (asignacion -> id asignacionp .)
    CHAR            reduce using rule 28 (asignacion -> id asignacionp .)
    }               reduce using rule 28 (asignacion -> id asignacionp .)


state 66

    (29) asignacionp -> = . superexpresion ;
    (31) superexpresion -> . megaexpresion superexpresionp
    (35) megaexpresion -> . exp megaexpresionp
    (43) exp -> . termino expp
    (47) termino -> . factor terminop
    (51) factor -> . constante
    (52) factor -> . lParen superexpresion rParen
    (55) constante -> . id
    (56) constante -> . CTEF ctef
    (57) constante -> . CTEI ctei
    (53) lParen -> . (
    (74) id -> . ID idp

    CTEF            shift and go to state 79
    CTEI            shift and go to state 80
    (               shift and go to state 81
    ID              shift and go to state 59

    superexpresion                 shift and go to state 88
    megaexpresion                  shift and go to state 72
    exp                            shift and go to state 73
    termino                        shift and go to state 74
    factor                         shift and go to state 75
    constante                      shift and go to state 76
    lParen                         shift and go to state 77
    id                             shift and go to state 78

state 67

    (30) asignacionp -> [ . superexpresion ] ;
    (31) superexpresion -> . megaexpresion superexpresionp
    (35) megaexpresion -> . exp megaexpresionp
    (43) exp -> . termino expp
    (47) termino -> . factor terminop
    (51) factor -> . constante
    (52) factor -> . lParen superexpresion rParen
    (55) constante -> . id
    (56) constante -> . CTEF ctef
    (57) constante -> . CTEI ctei
    (53) lParen -> . (
    (74) id -> . ID idp

    CTEF            shift and go to state 79
    CTEI            shift and go to state 80
    (               shift and go to state 81
    ID              shift and go to state 59

    superexpresion                 shift and go to state 89
    megaexpresion                  shift and go to state 72
    exp                            shift and go to state 73
    termino                        shift and go to state 74
    factor                         shift and go to state 75
    constante                      shift and go to state 76
    lParen                         shift and go to state 77
    id                             shift and go to state 78

state 68

    (22) condicion -> IF ( . superexpresion ) bloque condicionelse
    (31) superexpresion -> . megaexpresion superexpresionp
    (35) megaexpresion -> . exp megaexpresionp
    (43) exp -> . termino expp
    (47) termino -> . factor terminop
    (51) factor -> . constante
    (52) factor -> . lParen superexpresion rParen
    (55) constante -> . id
    (56) constante -> . CTEF ctef
    (57) constante -> . CTEI ctei
    (53) lParen -> . (
    (74) id -> . ID idp

    CTEF            shift and go to state 79
    CTEI            shift and go to state 80
    (               shift and go to state 81
    ID              shift and go to state 59

    superexpresion                 shift and go to state 90
    megaexpresion                  shift and go to state 72
    exp                            shift and go to state 73
    termino                        shift and go to state 74
    factor                         shift and go to state 75
    constante                      shift and go to state 76
    lParen                         shift and go to state 77
    id                             shift and go to state 78

state 69

    (25) write -> WRITE ( . superexpresion ) ;
    (31) superexpresion -> . megaexpresion superexpresionp
    (35) megaexpresion -> . exp megaexpresionp
    (43) exp -> . termino expp
    (47) termino -> . factor terminop
    (51) factor -> . constante
    (52) factor -> . lParen superexpresion rParen
    (55) constante -> . id
    (56) constante -> . CTEF ctef
    (57) constante -> . CTEI ctei
    (53) lParen -> . (
    (74) id -> . ID idp

    CTEF            shift and go to state 79
    CTEI            shift and go to state 80
    (               shift and go to state 81
    ID              shift and go to state 59

    superexpresion                 shift and go to state 91
    megaexpresion                  shift and go to state 72
    exp                            shift and go to state 73
    termino                        shift and go to state 74
    factor                         shift and go to state 75
    constante                      shift and go to state 76
    lParen                         shift and go to state 77
    id                             shift and go to state 78

state 70

    (26) while -> WHILE ( . superexpresion ) bloque
    (31) superexpresion -> . megaexpresion superexpresionp
    (35) megaexpresion -> . exp megaexpresionp
    (43) exp -> . termino expp
    (47) termino -> . factor terminop
    (51) factor -> . constante
    (52) factor -> . lParen superexpresion rParen
    (55) constante -> . id
    (56) constante -> . CTEF ctef
    (57) constante -> . CTEI ctei
    (53) lParen -> . (
    (74) id -> . ID idp

    CTEF            shift and go to state 79
    CTEI            shift and go to state 80
    (               shift and go to state 81
    ID              shift and go to state 59

    superexpresion                 shift and go to state 92
    megaexpresion                  shift and go to state 72
    exp                            shift and go to state 73
    termino                        shift and go to state 74
    factor                         shift and go to state 75
    constante                      shift and go to state 76
    lParen                         shift and go to state 77
    id                             shift and go to state 78

state 71

    (21) return -> RETURN superexpresion . ;

    ;               shift and go to state 93


state 72

    (31) superexpresion -> megaexpresion . superexpresionp
    (32) superexpresionp -> . AND superexpresion
    (33) superexpresionp -> . OR superexpresion
    (34) superexpresionp -> . empty
    (82) empty -> .

    AND             shift and go to state 95
    OR              shift and go to state 96
    ;               reduce using rule 82 (empty -> .)
    ]               reduce using rule 82 (empty -> .)
    )               reduce using rule 82 (empty -> .)
    ,               reduce using rule 82 (empty -> .)

    superexpresionp                shift and go to state 94
    empty                          shift and go to state 97

state 73

    (35) megaexpresion -> exp . megaexpresionp
    (36) megaexpresionp -> . < exp
    (37) megaexpresionp -> . > exp
    (38) megaexpresionp -> . EQUALS exp
    (39) megaexpresionp -> . DIFF exp
    (40) megaexpresionp -> . LTHANEQ exp
    (41) megaexpresionp -> . GTHANEQ exp
    (42) megaexpresionp -> . empty
    (82) empty -> .

    <               shift and go to state 99
    >               shift and go to state 100
    EQUALS          shift and go to state 101
    DIFF            shift and go to state 102
    LTHANEQ         shift and go to state 103
    GTHANEQ         shift and go to state 104
    AND             reduce using rule 82 (empty -> .)
    OR              reduce using rule 82 (empty -> .)
    ;               reduce using rule 82 (empty -> .)
    ]               reduce using rule 82 (empty -> .)
    )               reduce using rule 82 (empty -> .)
    ,               reduce using rule 82 (empty -> .)

    megaexpresionp                 shift and go to state 98
    empty                          shift and go to state 105

state 74

    (43) exp -> termino . expp
    (44) expp -> . + exp
    (45) expp -> . - exp
    (46) expp -> . empty
    (82) empty -> .

    +               shift and go to state 107
    -               shift and go to state 108
    <               reduce using rule 82 (empty -> .)
    >               reduce using rule 82 (empty -> .)
    EQUALS          reduce using rule 82 (empty -> .)
    DIFF            reduce using rule 82 (empty -> .)
    LTHANEQ         reduce using rule 82 (empty -> .)
    GTHANEQ         reduce using rule 82 (empty -> .)
    AND             reduce using rule 82 (empty -> .)
    OR              reduce using rule 82 (empty -> .)
    ;               reduce using rule 82 (empty -> .)
    ]               reduce using rule 82 (empty -> .)
    )               reduce using rule 82 (empty -> .)
    ,               reduce using rule 82 (empty -> .)

    expp                           shift and go to state 106
    empty                          shift and go to state 109

state 75

    (47) termino -> factor . terminop
    (48) terminop -> . * termino
    (49) terminop -> . / termino
    (50) terminop -> . empty
    (82) empty -> .

    *               shift and go to state 111
    /               shift and go to state 112
    +               reduce using rule 82 (empty -> .)
    -               reduce using rule 82 (empty -> .)
    <               reduce using rule 82 (empty -> .)
    >               reduce using rule 82 (empty -> .)
    EQUALS          reduce using rule 82 (empty -> .)
    DIFF            reduce using rule 82 (empty -> .)
    LTHANEQ         reduce using rule 82 (empty -> .)
    GTHANEQ         reduce using rule 82 (empty -> .)
    AND             reduce using rule 82 (empty -> .)
    OR              reduce using rule 82 (empty -> .)
    ;               reduce using rule 82 (empty -> .)
    ]               reduce using rule 82 (empty -> .)
    )               reduce using rule 82 (empty -> .)
    ,               reduce using rule 82 (empty -> .)

    terminop                       shift and go to state 110
    empty                          shift and go to state 113

state 76

    (51) factor -> constante .

    *               reduce using rule 51 (factor -> constante .)
    /               reduce using rule 51 (factor -> constante .)
    +               reduce using rule 51 (factor -> constante .)
    -               reduce using rule 51 (factor -> constante .)
    <               reduce using rule 51 (factor -> constante .)
    >               reduce using rule 51 (factor -> constante .)
    EQUALS          reduce using rule 51 (factor -> constante .)
    DIFF            reduce using rule 51 (factor -> constante .)
    LTHANEQ         reduce using rule 51 (factor -> constante .)
    GTHANEQ         reduce using rule 51 (factor -> constante .)
    AND             reduce using rule 51 (factor -> constante .)
    OR              reduce using rule 51 (factor -> constante .)
    ;               reduce using rule 51 (factor -> constante .)
    ]               reduce using rule 51 (factor -> constante .)
    )               reduce using rule 51 (factor -> constante .)
    ,               reduce using rule 51 (factor -> constante .)


state 77

    (52) factor -> lParen . superexpresion rParen
    (31) superexpresion -> . megaexpresion superexpresionp
    (35) megaexpresion -> . exp megaexpresionp
    (43) exp -> . termino expp
    (47) termino -> . factor terminop
    (51) factor -> . constante
    (52) factor -> . lParen superexpresion rParen
    (55) constante -> . id
    (56) constante -> . CTEF ctef
    (57) constante -> . CTEI ctei
    (53) lParen -> . (
    (74) id -> . ID idp

    CTEF            shift and go to state 79
    CTEI            shift and go to state 80
    (               shift and go to state 81
    ID              shift and go to state 59

    lParen                         shift and go to state 77
    superexpresion                 shift and go to state 114
    megaexpresion                  shift and go to state 72
    exp                            shift and go to state 73
    termino                        shift and go to state 74
    factor                         shift and go to state 75
    constante                      shift and go to state 76
    id                             shift and go to state 78

state 78

    (55) constante -> id .

    *               reduce using rule 55 (constante -> id .)
    /               reduce using rule 55 (constante -> id .)
    +               reduce using rule 55 (constante -> id .)
    -               reduce using rule 55 (constante -> id .)
    <               reduce using rule 55 (constante -> id .)
    >               reduce using rule 55 (constante -> id .)
    EQUALS          reduce using rule 55 (constante -> id .)
    DIFF            reduce using rule 55 (constante -> id .)
    LTHANEQ         reduce using rule 55 (constante -> id .)
    GTHANEQ         reduce using rule 55 (constante -> id .)
    AND             reduce using rule 55 (constante -> id .)
    OR              reduce using rule 55 (constante -> id .)
    ;               reduce using rule 55 (constante -> id .)
    ]               reduce using rule 55 (constante -> id .)
    )               reduce using rule 55 (constante -> id .)
    ,               reduce using rule 55 (constante -> id .)


state 79

    (56) constante -> CTEF . ctef
    (58) ctef -> .

    *               reduce using rule 58 (ctef -> .)
    /               reduce using rule 58 (ctef -> .)
    +               reduce using rule 58 (ctef -> .)
    -               reduce using rule 58 (ctef -> .)
    <               reduce using rule 58 (ctef -> .)
    >               reduce using rule 58 (ctef -> .)
    EQUALS          reduce using rule 58 (ctef -> .)
    DIFF            reduce using rule 58 (ctef -> .)
    LTHANEQ         reduce using rule 58 (ctef -> .)
    GTHANEQ         reduce using rule 58 (ctef -> .)
    AND             reduce using rule 58 (ctef -> .)
    OR              reduce using rule 58 (ctef -> .)
    ;               reduce using rule 58 (ctef -> .)
    ]               reduce using rule 58 (ctef -> .)
    )               reduce using rule 58 (ctef -> .)
    ,               reduce using rule 58 (ctef -> .)

    ctef                           shift and go to state 115

state 80

    (57) constante -> CTEI . ctei
    (59) ctei -> .

    *               reduce using rule 59 (ctei -> .)
    /               reduce using rule 59 (ctei -> .)
    +               reduce using rule 59 (ctei -> .)
    -               reduce using rule 59 (ctei -> .)
    <               reduce using rule 59 (ctei -> .)
    >               reduce using rule 59 (ctei -> .)
    EQUALS          reduce using rule 59 (ctei -> .)
    DIFF            reduce using rule 59 (ctei -> .)
    LTHANEQ         reduce using rule 59 (ctei -> .)
    GTHANEQ         reduce using rule 59 (ctei -> .)
    AND             reduce using rule 59 (ctei -> .)
    OR              reduce using rule 59 (ctei -> .)
    ;               reduce using rule 59 (ctei -> .)
    ]               reduce using rule 59 (ctei -> .)
    )               reduce using rule 59 (ctei -> .)
    ,               reduce using rule 59 (ctei -> .)

    ctei                           shift and go to state 116

state 81

    (53) lParen -> ( .

    CTEF            reduce using rule 53 (lParen -> ( .)
    CTEI            reduce using rule 53 (lParen -> ( .)
    (               reduce using rule 53 (lParen -> ( .)
    ID              reduce using rule 53 (lParen -> ( .)


state 82

    (74) id -> ID idp .

    =               reduce using rule 74 (id -> ID idp .)
    [               reduce using rule 74 (id -> ID idp .)
    *               reduce using rule 74 (id -> ID idp .)
    /               reduce using rule 74 (id -> ID idp .)
    +               reduce using rule 74 (id -> ID idp .)
    -               reduce using rule 74 (id -> ID idp .)
    <               reduce using rule 74 (id -> ID idp .)
    >               reduce using rule 74 (id -> ID idp .)
    EQUALS          reduce using rule 74 (id -> ID idp .)
    DIFF            reduce using rule 74 (id -> ID idp .)
    LTHANEQ         reduce using rule 74 (id -> ID idp .)
    GTHANEQ         reduce using rule 74 (id -> ID idp .)
    AND             reduce using rule 74 (id -> ID idp .)
    OR              reduce using rule 74 (id -> ID idp .)
    ;               reduce using rule 74 (id -> ID idp .)
    ]               reduce using rule 74 (id -> ID idp .)
    )               reduce using rule 74 (id -> ID idp .)
    ,               reduce using rule 74 (id -> ID idp .)


state 83

    (75) idp -> ( . idpp )
    (78) idpp -> . superexpresion idppp
    (79) idpp -> . empty
    (31) superexpresion -> . megaexpresion superexpresionp
    (82) empty -> .
    (35) megaexpresion -> . exp megaexpresionp
    (43) exp -> . termino expp
    (47) termino -> . factor terminop
    (51) factor -> . constante
    (52) factor -> . lParen superexpresion rParen
    (55) constante -> . id
    (56) constante -> . CTEF ctef
    (57) constante -> . CTEI ctei
    (53) lParen -> . (
    (74) id -> . ID idp

    )               reduce using rule 82 (empty -> .)
    CTEF            shift and go to state 79
    CTEI            shift and go to state 80
    (               shift and go to state 81
    ID              shift and go to state 59

    idpp                           shift and go to state 117
    superexpresion                 shift and go to state 118
    empty                          shift and go to state 119
    megaexpresion                  shift and go to state 72
    exp                            shift and go to state 73
    termino                        shift and go to state 74
    factor                         shift and go to state 75
    constante                      shift and go to state 76
    lParen                         shift and go to state 77
    id                             shift and go to state 78

state 84

    (76) idp -> [ . superexpresion ]
    (31) superexpresion -> . megaexpresion superexpresionp
    (35) megaexpresion -> . exp megaexpresionp
    (43) exp -> . termino expp
    (47) termino -> . factor terminop
    (51) factor -> . constante
    (52) factor -> . lParen superexpresion rParen
    (55) constante -> . id
    (56) constante -> . CTEF ctef
    (57) constante -> . CTEI ctei
    (53) lParen -> . (
    (74) id -> . ID idp

    CTEF            shift and go to state 79
    CTEI            shift and go to state 80
    (               shift and go to state 81
    ID              shift and go to state 59

    superexpresion                 shift and go to state 120
    megaexpresion                  shift and go to state 72
    exp                            shift and go to state 73
    termino                        shift and go to state 74
    factor                         shift and go to state 75
    constante                      shift and go to state 76
    lParen                         shift and go to state 77
    id                             shift and go to state 78

state 85

    (77) idp -> empty .

    =               reduce using rule 77 (idp -> empty .)
    [               reduce using rule 77 (idp -> empty .)
    *               reduce using rule 77 (idp -> empty .)
    /               reduce using rule 77 (idp -> empty .)
    +               reduce using rule 77 (idp -> empty .)
    -               reduce using rule 77 (idp -> empty .)
    <               reduce using rule 77 (idp -> empty .)
    >               reduce using rule 77 (idp -> empty .)
    EQUALS          reduce using rule 77 (idp -> empty .)
    DIFF            reduce using rule 77 (idp -> empty .)
    LTHANEQ         reduce using rule 77 (idp -> empty .)
    GTHANEQ         reduce using rule 77 (idp -> empty .)
    AND             reduce using rule 77 (idp -> empty .)
    OR              reduce using rule 77 (idp -> empty .)
    ;               reduce using rule 77 (idp -> empty .)
    ]               reduce using rule 77 (idp -> empty .)
    )               reduce using rule 77 (idp -> empty .)
    ,               reduce using rule 77 (idp -> empty .)


state 86

    (5) function -> FUNCTION tipoRetorno ID ( functionParam ) functionAux bloque .

    FUNCTION        reduce using rule 5 (function -> FUNCTION tipoRetorno ID ( functionParam ) functionAux bloque .)
    MAIN            reduce using rule 5 (function -> FUNCTION tipoRetorno ID ( functionParam ) functionAux bloque .)


state 87

    (63) parametrop -> , parametro .

    )               reduce using rule 63 (parametrop -> , parametro .)


state 88

    (29) asignacionp -> = superexpresion . ;

    ;               shift and go to state 121


state 89

    (30) asignacionp -> [ superexpresion . ] ;

    ]               shift and go to state 122


state 90

    (22) condicion -> IF ( superexpresion . ) bloque condicionelse

    )               shift and go to state 123


state 91

    (25) write -> WRITE ( superexpresion . ) ;

    )               shift and go to state 124


state 92

    (26) while -> WHILE ( superexpresion . ) bloque

    )               shift and go to state 125


state 93

    (21) return -> RETURN superexpresion ; .

    IF              reduce using rule 21 (return -> RETURN superexpresion ; .)
    WRITE           reduce using rule 21 (return -> RETURN superexpresion ; .)
    WHILE           reduce using rule 21 (return -> RETURN superexpresion ; .)
    RETURN          reduce using rule 21 (return -> RETURN superexpresion ; .)
    ID              reduce using rule 21 (return -> RETURN superexpresion ; .)
    INT             reduce using rule 21 (return -> RETURN superexpresion ; .)
    FLOAT           reduce using rule 21 (return -> RETURN superexpresion ; .)
    CHAR            reduce using rule 21 (return -> RETURN superexpresion ; .)
    }               reduce using rule 21 (return -> RETURN superexpresion ; .)


state 94

    (31) superexpresion -> megaexpresion superexpresionp .

    ;               reduce using rule 31 (superexpresion -> megaexpresion superexpresionp .)
    ]               reduce using rule 31 (superexpresion -> megaexpresion superexpresionp .)
    )               reduce using rule 31 (superexpresion -> megaexpresion superexpresionp .)
    ,               reduce using rule 31 (superexpresion -> megaexpresion superexpresionp .)


state 95

    (32) superexpresionp -> AND . superexpresion
    (31) superexpresion -> . megaexpresion superexpresionp
    (35) megaexpresion -> . exp megaexpresionp
    (43) exp -> . termino expp
    (47) termino -> . factor terminop
    (51) factor -> . constante
    (52) factor -> . lParen superexpresion rParen
    (55) constante -> . id
    (56) constante -> . CTEF ctef
    (57) constante -> . CTEI ctei
    (53) lParen -> . (
    (74) id -> . ID idp

    CTEF            shift and go to state 79
    CTEI            shift and go to state 80
    (               shift and go to state 81
    ID              shift and go to state 59

    superexpresion                 shift and go to state 126
    megaexpresion                  shift and go to state 72
    exp                            shift and go to state 73
    termino                        shift and go to state 74
    factor                         shift and go to state 75
    constante                      shift and go to state 76
    lParen                         shift and go to state 77
    id                             shift and go to state 78

state 96

    (33) superexpresionp -> OR . superexpresion
    (31) superexpresion -> . megaexpresion superexpresionp
    (35) megaexpresion -> . exp megaexpresionp
    (43) exp -> . termino expp
    (47) termino -> . factor terminop
    (51) factor -> . constante
    (52) factor -> . lParen superexpresion rParen
    (55) constante -> . id
    (56) constante -> . CTEF ctef
    (57) constante -> . CTEI ctei
    (53) lParen -> . (
    (74) id -> . ID idp

    CTEF            shift and go to state 79
    CTEI            shift and go to state 80
    (               shift and go to state 81
    ID              shift and go to state 59

    superexpresion                 shift and go to state 127
    megaexpresion                  shift and go to state 72
    exp                            shift and go to state 73
    termino                        shift and go to state 74
    factor                         shift and go to state 75
    constante                      shift and go to state 76
    lParen                         shift and go to state 77
    id                             shift and go to state 78

state 97

    (34) superexpresionp -> empty .

    ;               reduce using rule 34 (superexpresionp -> empty .)
    ]               reduce using rule 34 (superexpresionp -> empty .)
    )               reduce using rule 34 (superexpresionp -> empty .)
    ,               reduce using rule 34 (superexpresionp -> empty .)


state 98

    (35) megaexpresion -> exp megaexpresionp .

    AND             reduce using rule 35 (megaexpresion -> exp megaexpresionp .)
    OR              reduce using rule 35 (megaexpresion -> exp megaexpresionp .)
    ;               reduce using rule 35 (megaexpresion -> exp megaexpresionp .)
    ]               reduce using rule 35 (megaexpresion -> exp megaexpresionp .)
    )               reduce using rule 35 (megaexpresion -> exp megaexpresionp .)
    ,               reduce using rule 35 (megaexpresion -> exp megaexpresionp .)


state 99

    (36) megaexpresionp -> < . exp
    (43) exp -> . termino expp
    (47) termino -> . factor terminop
    (51) factor -> . constante
    (52) factor -> . lParen superexpresion rParen
    (55) constante -> . id
    (56) constante -> . CTEF ctef
    (57) constante -> . CTEI ctei
    (53) lParen -> . (
    (74) id -> . ID idp

    CTEF            shift and go to state 79
    CTEI            shift and go to state 80
    (               shift and go to state 81
    ID              shift and go to state 59

    exp                            shift and go to state 128
    termino                        shift and go to state 74
    factor                         shift and go to state 75
    constante                      shift and go to state 76
    lParen                         shift and go to state 77
    id                             shift and go to state 78

state 100

    (37) megaexpresionp -> > . exp
    (43) exp -> . termino expp
    (47) termino -> . factor terminop
    (51) factor -> . constante
    (52) factor -> . lParen superexpresion rParen
    (55) constante -> . id
    (56) constante -> . CTEF ctef
    (57) constante -> . CTEI ctei
    (53) lParen -> . (
    (74) id -> . ID idp

    CTEF            shift and go to state 79
    CTEI            shift and go to state 80
    (               shift and go to state 81
    ID              shift and go to state 59

    exp                            shift and go to state 129
    termino                        shift and go to state 74
    factor                         shift and go to state 75
    constante                      shift and go to state 76
    lParen                         shift and go to state 77
    id                             shift and go to state 78

state 101

    (38) megaexpresionp -> EQUALS . exp
    (43) exp -> . termino expp
    (47) termino -> . factor terminop
    (51) factor -> . constante
    (52) factor -> . lParen superexpresion rParen
    (55) constante -> . id
    (56) constante -> . CTEF ctef
    (57) constante -> . CTEI ctei
    (53) lParen -> . (
    (74) id -> . ID idp

    CTEF            shift and go to state 79
    CTEI            shift and go to state 80
    (               shift and go to state 81
    ID              shift and go to state 59

    exp                            shift and go to state 130
    termino                        shift and go to state 74
    factor                         shift and go to state 75
    constante                      shift and go to state 76
    lParen                         shift and go to state 77
    id                             shift and go to state 78

state 102

    (39) megaexpresionp -> DIFF . exp
    (43) exp -> . termino expp
    (47) termino -> . factor terminop
    (51) factor -> . constante
    (52) factor -> . lParen superexpresion rParen
    (55) constante -> . id
    (56) constante -> . CTEF ctef
    (57) constante -> . CTEI ctei
    (53) lParen -> . (
    (74) id -> . ID idp

    CTEF            shift and go to state 79
    CTEI            shift and go to state 80
    (               shift and go to state 81
    ID              shift and go to state 59

    exp                            shift and go to state 131
    termino                        shift and go to state 74
    factor                         shift and go to state 75
    constante                      shift and go to state 76
    lParen                         shift and go to state 77
    id                             shift and go to state 78

state 103

    (40) megaexpresionp -> LTHANEQ . exp
    (43) exp -> . termino expp
    (47) termino -> . factor terminop
    (51) factor -> . constante
    (52) factor -> . lParen superexpresion rParen
    (55) constante -> . id
    (56) constante -> . CTEF ctef
    (57) constante -> . CTEI ctei
    (53) lParen -> . (
    (74) id -> . ID idp

    CTEF            shift and go to state 79
    CTEI            shift and go to state 80
    (               shift and go to state 81
    ID              shift and go to state 59

    exp                            shift and go to state 132
    termino                        shift and go to state 74
    factor                         shift and go to state 75
    constante                      shift and go to state 76
    lParen                         shift and go to state 77
    id                             shift and go to state 78

state 104

    (41) megaexpresionp -> GTHANEQ . exp
    (43) exp -> . termino expp
    (47) termino -> . factor terminop
    (51) factor -> . constante
    (52) factor -> . lParen superexpresion rParen
    (55) constante -> . id
    (56) constante -> . CTEF ctef
    (57) constante -> . CTEI ctei
    (53) lParen -> . (
    (74) id -> . ID idp

    CTEF            shift and go to state 79
    CTEI            shift and go to state 80
    (               shift and go to state 81
    ID              shift and go to state 59

    exp                            shift and go to state 133
    termino                        shift and go to state 74
    factor                         shift and go to state 75
    constante                      shift and go to state 76
    lParen                         shift and go to state 77
    id                             shift and go to state 78

state 105

    (42) megaexpresionp -> empty .

    AND             reduce using rule 42 (megaexpresionp -> empty .)
    OR              reduce using rule 42 (megaexpresionp -> empty .)
    ;               reduce using rule 42 (megaexpresionp -> empty .)
    ]               reduce using rule 42 (megaexpresionp -> empty .)
    )               reduce using rule 42 (megaexpresionp -> empty .)
    ,               reduce using rule 42 (megaexpresionp -> empty .)


state 106

    (43) exp -> termino expp .

    <               reduce using rule 43 (exp -> termino expp .)
    >               reduce using rule 43 (exp -> termino expp .)
    EQUALS          reduce using rule 43 (exp -> termino expp .)
    DIFF            reduce using rule 43 (exp -> termino expp .)
    LTHANEQ         reduce using rule 43 (exp -> termino expp .)
    GTHANEQ         reduce using rule 43 (exp -> termino expp .)
    AND             reduce using rule 43 (exp -> termino expp .)
    OR              reduce using rule 43 (exp -> termino expp .)
    ;               reduce using rule 43 (exp -> termino expp .)
    ]               reduce using rule 43 (exp -> termino expp .)
    )               reduce using rule 43 (exp -> termino expp .)
    ,               reduce using rule 43 (exp -> termino expp .)


state 107

    (44) expp -> + . exp
    (43) exp -> . termino expp
    (47) termino -> . factor terminop
    (51) factor -> . constante
    (52) factor -> . lParen superexpresion rParen
    (55) constante -> . id
    (56) constante -> . CTEF ctef
    (57) constante -> . CTEI ctei
    (53) lParen -> . (
    (74) id -> . ID idp

    CTEF            shift and go to state 79
    CTEI            shift and go to state 80
    (               shift and go to state 81
    ID              shift and go to state 59

    exp                            shift and go to state 134
    termino                        shift and go to state 74
    factor                         shift and go to state 75
    constante                      shift and go to state 76
    lParen                         shift and go to state 77
    id                             shift and go to state 78

state 108

    (45) expp -> - . exp
    (43) exp -> . termino expp
    (47) termino -> . factor terminop
    (51) factor -> . constante
    (52) factor -> . lParen superexpresion rParen
    (55) constante -> . id
    (56) constante -> . CTEF ctef
    (57) constante -> . CTEI ctei
    (53) lParen -> . (
    (74) id -> . ID idp

    CTEF            shift and go to state 79
    CTEI            shift and go to state 80
    (               shift and go to state 81
    ID              shift and go to state 59

    exp                            shift and go to state 135
    termino                        shift and go to state 74
    factor                         shift and go to state 75
    constante                      shift and go to state 76
    lParen                         shift and go to state 77
    id                             shift and go to state 78

state 109

    (46) expp -> empty .

    <               reduce using rule 46 (expp -> empty .)
    >               reduce using rule 46 (expp -> empty .)
    EQUALS          reduce using rule 46 (expp -> empty .)
    DIFF            reduce using rule 46 (expp -> empty .)
    LTHANEQ         reduce using rule 46 (expp -> empty .)
    GTHANEQ         reduce using rule 46 (expp -> empty .)
    AND             reduce using rule 46 (expp -> empty .)
    OR              reduce using rule 46 (expp -> empty .)
    ;               reduce using rule 46 (expp -> empty .)
    ]               reduce using rule 46 (expp -> empty .)
    )               reduce using rule 46 (expp -> empty .)
    ,               reduce using rule 46 (expp -> empty .)


state 110

    (47) termino -> factor terminop .

    +               reduce using rule 47 (termino -> factor terminop .)
    -               reduce using rule 47 (termino -> factor terminop .)
    <               reduce using rule 47 (termino -> factor terminop .)
    >               reduce using rule 47 (termino -> factor terminop .)
    EQUALS          reduce using rule 47 (termino -> factor terminop .)
    DIFF            reduce using rule 47 (termino -> factor terminop .)
    LTHANEQ         reduce using rule 47 (termino -> factor terminop .)
    GTHANEQ         reduce using rule 47 (termino -> factor terminop .)
    AND             reduce using rule 47 (termino -> factor terminop .)
    OR              reduce using rule 47 (termino -> factor terminop .)
    ;               reduce using rule 47 (termino -> factor terminop .)
    ]               reduce using rule 47 (termino -> factor terminop .)
    )               reduce using rule 47 (termino -> factor terminop .)
    ,               reduce using rule 47 (termino -> factor terminop .)


state 111

    (48) terminop -> * . termino
    (47) termino -> . factor terminop
    (51) factor -> . constante
    (52) factor -> . lParen superexpresion rParen
    (55) constante -> . id
    (56) constante -> . CTEF ctef
    (57) constante -> . CTEI ctei
    (53) lParen -> . (
    (74) id -> . ID idp

    CTEF            shift and go to state 79
    CTEI            shift and go to state 80
    (               shift and go to state 81
    ID              shift and go to state 59

    termino                        shift and go to state 136
    factor                         shift and go to state 75
    constante                      shift and go to state 76
    lParen                         shift and go to state 77
    id                             shift and go to state 78

state 112

    (49) terminop -> / . termino
    (47) termino -> . factor terminop
    (51) factor -> . constante
    (52) factor -> . lParen superexpresion rParen
    (55) constante -> . id
    (56) constante -> . CTEF ctef
    (57) constante -> . CTEI ctei
    (53) lParen -> . (
    (74) id -> . ID idp

    CTEF            shift and go to state 79
    CTEI            shift and go to state 80
    (               shift and go to state 81
    ID              shift and go to state 59

    termino                        shift and go to state 137
    factor                         shift and go to state 75
    constante                      shift and go to state 76
    lParen                         shift and go to state 77
    id                             shift and go to state 78

state 113

    (50) terminop -> empty .

    +               reduce using rule 50 (terminop -> empty .)
    -               reduce using rule 50 (terminop -> empty .)
    <               reduce using rule 50 (terminop -> empty .)
    >               reduce using rule 50 (terminop -> empty .)
    EQUALS          reduce using rule 50 (terminop -> empty .)
    DIFF            reduce using rule 50 (terminop -> empty .)
    LTHANEQ         reduce using rule 50 (terminop -> empty .)
    GTHANEQ         reduce using rule 50 (terminop -> empty .)
    AND             reduce using rule 50 (terminop -> empty .)
    OR              reduce using rule 50 (terminop -> empty .)
    ;               reduce using rule 50 (terminop -> empty .)
    ]               reduce using rule 50 (terminop -> empty .)
    )               reduce using rule 50 (terminop -> empty .)
    ,               reduce using rule 50 (terminop -> empty .)


state 114

    (52) factor -> lParen superexpresion . rParen
    (54) rParen -> . )

    )               shift and go to state 139

    rParen                         shift and go to state 138

state 115

    (56) constante -> CTEF ctef .

    *               reduce using rule 56 (constante -> CTEF ctef .)
    /               reduce using rule 56 (constante -> CTEF ctef .)
    +               reduce using rule 56 (constante -> CTEF ctef .)
    -               reduce using rule 56 (constante -> CTEF ctef .)
    <               reduce using rule 56 (constante -> CTEF ctef .)
    >               reduce using rule 56 (constante -> CTEF ctef .)
    EQUALS          reduce using rule 56 (constante -> CTEF ctef .)
    DIFF            reduce using rule 56 (constante -> CTEF ctef .)
    LTHANEQ         reduce using rule 56 (constante -> CTEF ctef .)
    GTHANEQ         reduce using rule 56 (constante -> CTEF ctef .)
    AND             reduce using rule 56 (constante -> CTEF ctef .)
    OR              reduce using rule 56 (constante -> CTEF ctef .)
    ;               reduce using rule 56 (constante -> CTEF ctef .)
    ]               reduce using rule 56 (constante -> CTEF ctef .)
    )               reduce using rule 56 (constante -> CTEF ctef .)
    ,               reduce using rule 56 (constante -> CTEF ctef .)


state 116

    (57) constante -> CTEI ctei .

    *               reduce using rule 57 (constante -> CTEI ctei .)
    /               reduce using rule 57 (constante -> CTEI ctei .)
    +               reduce using rule 57 (constante -> CTEI ctei .)
    -               reduce using rule 57 (constante -> CTEI ctei .)
    <               reduce using rule 57 (constante -> CTEI ctei .)
    >               reduce using rule 57 (constante -> CTEI ctei .)
    EQUALS          reduce using rule 57 (constante -> CTEI ctei .)
    DIFF            reduce using rule 57 (constante -> CTEI ctei .)
    LTHANEQ         reduce using rule 57 (constante -> CTEI ctei .)
    GTHANEQ         reduce using rule 57 (constante -> CTEI ctei .)
    AND             reduce using rule 57 (constante -> CTEI ctei .)
    OR              reduce using rule 57 (constante -> CTEI ctei .)
    ;               reduce using rule 57 (constante -> CTEI ctei .)
    ]               reduce using rule 57 (constante -> CTEI ctei .)
    )               reduce using rule 57 (constante -> CTEI ctei .)
    ,               reduce using rule 57 (constante -> CTEI ctei .)


state 117

    (75) idp -> ( idpp . )

    )               shift and go to state 140


state 118

    (78) idpp -> superexpresion . idppp
    (80) idppp -> . , idpp
    (81) idppp -> . empty
    (82) empty -> .

    ,               shift and go to state 142
    )               reduce using rule 82 (empty -> .)

    idppp                          shift and go to state 141
    empty                          shift and go to state 143

state 119

    (79) idpp -> empty .

    )               reduce using rule 79 (idpp -> empty .)


state 120

    (76) idp -> [ superexpresion . ]

    ]               shift and go to state 144


state 121

    (29) asignacionp -> = superexpresion ; .

    IF              reduce using rule 29 (asignacionp -> = superexpresion ; .)
    WRITE           reduce using rule 29 (asignacionp -> = superexpresion ; .)
    WHILE           reduce using rule 29 (asignacionp -> = superexpresion ; .)
    RETURN          reduce using rule 29 (asignacionp -> = superexpresion ; .)
    ID              reduce using rule 29 (asignacionp -> = superexpresion ; .)
    INT             reduce using rule 29 (asignacionp -> = superexpresion ; .)
    FLOAT           reduce using rule 29 (asignacionp -> = superexpresion ; .)
    CHAR            reduce using rule 29 (asignacionp -> = superexpresion ; .)
    }               reduce using rule 29 (asignacionp -> = superexpresion ; .)


state 122

    (30) asignacionp -> [ superexpresion ] . ;

    ;               shift and go to state 145


state 123

    (22) condicion -> IF ( superexpresion ) . bloque condicionelse
    (11) bloque -> . { cuerpo }

    {               shift and go to state 35

    bloque                         shift and go to state 146

state 124

    (25) write -> WRITE ( superexpresion ) . ;

    ;               shift and go to state 147


state 125

    (26) while -> WHILE ( superexpresion ) . bloque
    (11) bloque -> . { cuerpo }

    {               shift and go to state 35

    bloque                         shift and go to state 148

state 126

    (32) superexpresionp -> AND superexpresion .

    ;               reduce using rule 32 (superexpresionp -> AND superexpresion .)
    ]               reduce using rule 32 (superexpresionp -> AND superexpresion .)
    )               reduce using rule 32 (superexpresionp -> AND superexpresion .)
    ,               reduce using rule 32 (superexpresionp -> AND superexpresion .)


state 127

    (33) superexpresionp -> OR superexpresion .

    ;               reduce using rule 33 (superexpresionp -> OR superexpresion .)
    ]               reduce using rule 33 (superexpresionp -> OR superexpresion .)
    )               reduce using rule 33 (superexpresionp -> OR superexpresion .)
    ,               reduce using rule 33 (superexpresionp -> OR superexpresion .)


state 128

    (36) megaexpresionp -> < exp .

    AND             reduce using rule 36 (megaexpresionp -> < exp .)
    OR              reduce using rule 36 (megaexpresionp -> < exp .)
    ;               reduce using rule 36 (megaexpresionp -> < exp .)
    ]               reduce using rule 36 (megaexpresionp -> < exp .)
    )               reduce using rule 36 (megaexpresionp -> < exp .)
    ,               reduce using rule 36 (megaexpresionp -> < exp .)


state 129

    (37) megaexpresionp -> > exp .

    AND             reduce using rule 37 (megaexpresionp -> > exp .)
    OR              reduce using rule 37 (megaexpresionp -> > exp .)
    ;               reduce using rule 37 (megaexpresionp -> > exp .)
    ]               reduce using rule 37 (megaexpresionp -> > exp .)
    )               reduce using rule 37 (megaexpresionp -> > exp .)
    ,               reduce using rule 37 (megaexpresionp -> > exp .)


state 130

    (38) megaexpresionp -> EQUALS exp .

    AND             reduce using rule 38 (megaexpresionp -> EQUALS exp .)
    OR              reduce using rule 38 (megaexpresionp -> EQUALS exp .)
    ;               reduce using rule 38 (megaexpresionp -> EQUALS exp .)
    ]               reduce using rule 38 (megaexpresionp -> EQUALS exp .)
    )               reduce using rule 38 (megaexpresionp -> EQUALS exp .)
    ,               reduce using rule 38 (megaexpresionp -> EQUALS exp .)


state 131

    (39) megaexpresionp -> DIFF exp .

    AND             reduce using rule 39 (megaexpresionp -> DIFF exp .)
    OR              reduce using rule 39 (megaexpresionp -> DIFF exp .)
    ;               reduce using rule 39 (megaexpresionp -> DIFF exp .)
    ]               reduce using rule 39 (megaexpresionp -> DIFF exp .)
    )               reduce using rule 39 (megaexpresionp -> DIFF exp .)
    ,               reduce using rule 39 (megaexpresionp -> DIFF exp .)


state 132

    (40) megaexpresionp -> LTHANEQ exp .

    AND             reduce using rule 40 (megaexpresionp -> LTHANEQ exp .)
    OR              reduce using rule 40 (megaexpresionp -> LTHANEQ exp .)
    ;               reduce using rule 40 (megaexpresionp -> LTHANEQ exp .)
    ]               reduce using rule 40 (megaexpresionp -> LTHANEQ exp .)
    )               reduce using rule 40 (megaexpresionp -> LTHANEQ exp .)
    ,               reduce using rule 40 (megaexpresionp -> LTHANEQ exp .)


state 133

    (41) megaexpresionp -> GTHANEQ exp .

    AND             reduce using rule 41 (megaexpresionp -> GTHANEQ exp .)
    OR              reduce using rule 41 (megaexpresionp -> GTHANEQ exp .)
    ;               reduce using rule 41 (megaexpresionp -> GTHANEQ exp .)
    ]               reduce using rule 41 (megaexpresionp -> GTHANEQ exp .)
    )               reduce using rule 41 (megaexpresionp -> GTHANEQ exp .)
    ,               reduce using rule 41 (megaexpresionp -> GTHANEQ exp .)


state 134

    (44) expp -> + exp .

    <               reduce using rule 44 (expp -> + exp .)
    >               reduce using rule 44 (expp -> + exp .)
    EQUALS          reduce using rule 44 (expp -> + exp .)
    DIFF            reduce using rule 44 (expp -> + exp .)
    LTHANEQ         reduce using rule 44 (expp -> + exp .)
    GTHANEQ         reduce using rule 44 (expp -> + exp .)
    AND             reduce using rule 44 (expp -> + exp .)
    OR              reduce using rule 44 (expp -> + exp .)
    ;               reduce using rule 44 (expp -> + exp .)
    ]               reduce using rule 44 (expp -> + exp .)
    )               reduce using rule 44 (expp -> + exp .)
    ,               reduce using rule 44 (expp -> + exp .)


state 135

    (45) expp -> - exp .

    <               reduce using rule 45 (expp -> - exp .)
    >               reduce using rule 45 (expp -> - exp .)
    EQUALS          reduce using rule 45 (expp -> - exp .)
    DIFF            reduce using rule 45 (expp -> - exp .)
    LTHANEQ         reduce using rule 45 (expp -> - exp .)
    GTHANEQ         reduce using rule 45 (expp -> - exp .)
    AND             reduce using rule 45 (expp -> - exp .)
    OR              reduce using rule 45 (expp -> - exp .)
    ;               reduce using rule 45 (expp -> - exp .)
    ]               reduce using rule 45 (expp -> - exp .)
    )               reduce using rule 45 (expp -> - exp .)
    ,               reduce using rule 45 (expp -> - exp .)


state 136

    (48) terminop -> * termino .

    +               reduce using rule 48 (terminop -> * termino .)
    -               reduce using rule 48 (terminop -> * termino .)
    <               reduce using rule 48 (terminop -> * termino .)
    >               reduce using rule 48 (terminop -> * termino .)
    EQUALS          reduce using rule 48 (terminop -> * termino .)
    DIFF            reduce using rule 48 (terminop -> * termino .)
    LTHANEQ         reduce using rule 48 (terminop -> * termino .)
    GTHANEQ         reduce using rule 48 (terminop -> * termino .)
    AND             reduce using rule 48 (terminop -> * termino .)
    OR              reduce using rule 48 (terminop -> * termino .)
    ;               reduce using rule 48 (terminop -> * termino .)
    ]               reduce using rule 48 (terminop -> * termino .)
    )               reduce using rule 48 (terminop -> * termino .)
    ,               reduce using rule 48 (terminop -> * termino .)


state 137

    (49) terminop -> / termino .

    +               reduce using rule 49 (terminop -> / termino .)
    -               reduce using rule 49 (terminop -> / termino .)
    <               reduce using rule 49 (terminop -> / termino .)
    >               reduce using rule 49 (terminop -> / termino .)
    EQUALS          reduce using rule 49 (terminop -> / termino .)
    DIFF            reduce using rule 49 (terminop -> / termino .)
    LTHANEQ         reduce using rule 49 (terminop -> / termino .)
    GTHANEQ         reduce using rule 49 (terminop -> / termino .)
    AND             reduce using rule 49 (terminop -> / termino .)
    OR              reduce using rule 49 (terminop -> / termino .)
    ;               reduce using rule 49 (terminop -> / termino .)
    ]               reduce using rule 49 (terminop -> / termino .)
    )               reduce using rule 49 (terminop -> / termino .)
    ,               reduce using rule 49 (terminop -> / termino .)


state 138

    (52) factor -> lParen superexpresion rParen .

    *               reduce using rule 52 (factor -> lParen superexpresion rParen .)
    /               reduce using rule 52 (factor -> lParen superexpresion rParen .)
    +               reduce using rule 52 (factor -> lParen superexpresion rParen .)
    -               reduce using rule 52 (factor -> lParen superexpresion rParen .)
    <               reduce using rule 52 (factor -> lParen superexpresion rParen .)
    >               reduce using rule 52 (factor -> lParen superexpresion rParen .)
    EQUALS          reduce using rule 52 (factor -> lParen superexpresion rParen .)
    DIFF            reduce using rule 52 (factor -> lParen superexpresion rParen .)
    LTHANEQ         reduce using rule 52 (factor -> lParen superexpresion rParen .)
    GTHANEQ         reduce using rule 52 (factor -> lParen superexpresion rParen .)
    AND             reduce using rule 52 (factor -> lParen superexpresion rParen .)
    OR              reduce using rule 52 (factor -> lParen superexpresion rParen .)
    ;               reduce using rule 52 (factor -> lParen superexpresion rParen .)
    ]               reduce using rule 52 (factor -> lParen superexpresion rParen .)
    )               reduce using rule 52 (factor -> lParen superexpresion rParen .)
    ,               reduce using rule 52 (factor -> lParen superexpresion rParen .)


state 139

    (54) rParen -> ) .

    *               reduce using rule 54 (rParen -> ) .)
    /               reduce using rule 54 (rParen -> ) .)
    +               reduce using rule 54 (rParen -> ) .)
    -               reduce using rule 54 (rParen -> ) .)
    <               reduce using rule 54 (rParen -> ) .)
    >               reduce using rule 54 (rParen -> ) .)
    EQUALS          reduce using rule 54 (rParen -> ) .)
    DIFF            reduce using rule 54 (rParen -> ) .)
    LTHANEQ         reduce using rule 54 (rParen -> ) .)
    GTHANEQ         reduce using rule 54 (rParen -> ) .)
    AND             reduce using rule 54 (rParen -> ) .)
    OR              reduce using rule 54 (rParen -> ) .)
    ;               reduce using rule 54 (rParen -> ) .)
    ]               reduce using rule 54 (rParen -> ) .)
    )               reduce using rule 54 (rParen -> ) .)
    ,               reduce using rule 54 (rParen -> ) .)


state 140

    (75) idp -> ( idpp ) .

    =               reduce using rule 75 (idp -> ( idpp ) .)
    [               reduce using rule 75 (idp -> ( idpp ) .)
    *               reduce using rule 75 (idp -> ( idpp ) .)
    /               reduce using rule 75 (idp -> ( idpp ) .)
    +               reduce using rule 75 (idp -> ( idpp ) .)
    -               reduce using rule 75 (idp -> ( idpp ) .)
    <               reduce using rule 75 (idp -> ( idpp ) .)
    >               reduce using rule 75 (idp -> ( idpp ) .)
    EQUALS          reduce using rule 75 (idp -> ( idpp ) .)
    DIFF            reduce using rule 75 (idp -> ( idpp ) .)
    LTHANEQ         reduce using rule 75 (idp -> ( idpp ) .)
    GTHANEQ         reduce using rule 75 (idp -> ( idpp ) .)
    AND             reduce using rule 75 (idp -> ( idpp ) .)
    OR              reduce using rule 75 (idp -> ( idpp ) .)
    ;               reduce using rule 75 (idp -> ( idpp ) .)
    ]               reduce using rule 75 (idp -> ( idpp ) .)
    )               reduce using rule 75 (idp -> ( idpp ) .)
    ,               reduce using rule 75 (idp -> ( idpp ) .)


state 141

    (78) idpp -> superexpresion idppp .

    )               reduce using rule 78 (idpp -> superexpresion idppp .)


state 142

    (80) idppp -> , . idpp
    (78) idpp -> . superexpresion idppp
    (79) idpp -> . empty
    (31) superexpresion -> . megaexpresion superexpresionp
    (82) empty -> .
    (35) megaexpresion -> . exp megaexpresionp
    (43) exp -> . termino expp
    (47) termino -> . factor terminop
    (51) factor -> . constante
    (52) factor -> . lParen superexpresion rParen
    (55) constante -> . id
    (56) constante -> . CTEF ctef
    (57) constante -> . CTEI ctei
    (53) lParen -> . (
    (74) id -> . ID idp

    )               reduce using rule 82 (empty -> .)
    CTEF            shift and go to state 79
    CTEI            shift and go to state 80
    (               shift and go to state 81
    ID              shift and go to state 59

    idpp                           shift and go to state 149
    superexpresion                 shift and go to state 118
    empty                          shift and go to state 119
    megaexpresion                  shift and go to state 72
    exp                            shift and go to state 73
    termino                        shift and go to state 74
    factor                         shift and go to state 75
    constante                      shift and go to state 76
    lParen                         shift and go to state 77
    id                             shift and go to state 78

state 143

    (81) idppp -> empty .

    )               reduce using rule 81 (idppp -> empty .)


state 144

    (76) idp -> [ superexpresion ] .

    =               reduce using rule 76 (idp -> [ superexpresion ] .)
    [               reduce using rule 76 (idp -> [ superexpresion ] .)
    *               reduce using rule 76 (idp -> [ superexpresion ] .)
    /               reduce using rule 76 (idp -> [ superexpresion ] .)
    +               reduce using rule 76 (idp -> [ superexpresion ] .)
    -               reduce using rule 76 (idp -> [ superexpresion ] .)
    <               reduce using rule 76 (idp -> [ superexpresion ] .)
    >               reduce using rule 76 (idp -> [ superexpresion ] .)
    EQUALS          reduce using rule 76 (idp -> [ superexpresion ] .)
    DIFF            reduce using rule 76 (idp -> [ superexpresion ] .)
    LTHANEQ         reduce using rule 76 (idp -> [ superexpresion ] .)
    GTHANEQ         reduce using rule 76 (idp -> [ superexpresion ] .)
    AND             reduce using rule 76 (idp -> [ superexpresion ] .)
    OR              reduce using rule 76 (idp -> [ superexpresion ] .)
    ;               reduce using rule 76 (idp -> [ superexpresion ] .)
    ]               reduce using rule 76 (idp -> [ superexpresion ] .)
    )               reduce using rule 76 (idp -> [ superexpresion ] .)
    ,               reduce using rule 76 (idp -> [ superexpresion ] .)


state 145

    (30) asignacionp -> [ superexpresion ] ; .

    IF              reduce using rule 30 (asignacionp -> [ superexpresion ] ; .)
    WRITE           reduce using rule 30 (asignacionp -> [ superexpresion ] ; .)
    WHILE           reduce using rule 30 (asignacionp -> [ superexpresion ] ; .)
    RETURN          reduce using rule 30 (asignacionp -> [ superexpresion ] ; .)
    ID              reduce using rule 30 (asignacionp -> [ superexpresion ] ; .)
    INT             reduce using rule 30 (asignacionp -> [ superexpresion ] ; .)
    FLOAT           reduce using rule 30 (asignacionp -> [ superexpresion ] ; .)
    CHAR            reduce using rule 30 (asignacionp -> [ superexpresion ] ; .)
    }               reduce using rule 30 (asignacionp -> [ superexpresion ] ; .)


state 146

    (22) condicion -> IF ( superexpresion ) bloque . condicionelse
    (23) condicionelse -> . ELSE bloque
    (24) condicionelse -> . empty
    (82) empty -> .

    ELSE            shift and go to state 151
    IF              reduce using rule 82 (empty -> .)
    WRITE           reduce using rule 82 (empty -> .)
    WHILE           reduce using rule 82 (empty -> .)
    RETURN          reduce using rule 82 (empty -> .)
    ID              reduce using rule 82 (empty -> .)
    INT             reduce using rule 82 (empty -> .)
    FLOAT           reduce using rule 82 (empty -> .)
    CHAR            reduce using rule 82 (empty -> .)
    }               reduce using rule 82 (empty -> .)

    condicionelse                  shift and go to state 150
    empty                          shift and go to state 152

state 147

    (25) write -> WRITE ( superexpresion ) ; .

    IF              reduce using rule 25 (write -> WRITE ( superexpresion ) ; .)
    WRITE           reduce using rule 25 (write -> WRITE ( superexpresion ) ; .)
    WHILE           reduce using rule 25 (write -> WRITE ( superexpresion ) ; .)
    RETURN          reduce using rule 25 (write -> WRITE ( superexpresion ) ; .)
    ID              reduce using rule 25 (write -> WRITE ( superexpresion ) ; .)
    INT             reduce using rule 25 (write -> WRITE ( superexpresion ) ; .)
    FLOAT           reduce using rule 25 (write -> WRITE ( superexpresion ) ; .)
    CHAR            reduce using rule 25 (write -> WRITE ( superexpresion ) ; .)
    }               reduce using rule 25 (write -> WRITE ( superexpresion ) ; .)


state 148

    (26) while -> WHILE ( superexpresion ) bloque .

    IF              reduce using rule 26 (while -> WHILE ( superexpresion ) bloque .)
    WRITE           reduce using rule 26 (while -> WHILE ( superexpresion ) bloque .)
    WHILE           reduce using rule 26 (while -> WHILE ( superexpresion ) bloque .)
    RETURN          reduce using rule 26 (while -> WHILE ( superexpresion ) bloque .)
    ID              reduce using rule 26 (while -> WHILE ( superexpresion ) bloque .)
    INT             reduce using rule 26 (while -> WHILE ( superexpresion ) bloque .)
    FLOAT           reduce using rule 26 (while -> WHILE ( superexpresion ) bloque .)
    CHAR            reduce using rule 26 (while -> WHILE ( superexpresion ) bloque .)
    }               reduce using rule 26 (while -> WHILE ( superexpresion ) bloque .)


state 149

    (80) idppp -> , idpp .

    )               reduce using rule 80 (idppp -> , idpp .)


state 150

    (22) condicion -> IF ( superexpresion ) bloque condicionelse .

    IF              reduce using rule 22 (condicion -> IF ( superexpresion ) bloque condicionelse .)
    WRITE           reduce using rule 22 (condicion -> IF ( superexpresion ) bloque condicionelse .)
    WHILE           reduce using rule 22 (condicion -> IF ( superexpresion ) bloque condicionelse .)
    RETURN          reduce using rule 22 (condicion -> IF ( superexpresion ) bloque condicionelse .)
    ID              reduce using rule 22 (condicion -> IF ( superexpresion ) bloque condicionelse .)
    INT             reduce using rule 22 (condicion -> IF ( superexpresion ) bloque condicionelse .)
    FLOAT           reduce using rule 22 (condicion -> IF ( superexpresion ) bloque condicionelse .)
    CHAR            reduce using rule 22 (condicion -> IF ( superexpresion ) bloque condicionelse .)
    }               reduce using rule 22 (condicion -> IF ( superexpresion ) bloque condicionelse .)


state 151

    (23) condicionelse -> ELSE . bloque
    (11) bloque -> . { cuerpo }

    {               shift and go to state 35

    bloque                         shift and go to state 153

state 152

    (24) condicionelse -> empty .

    IF              reduce using rule 24 (condicionelse -> empty .)
    WRITE           reduce using rule 24 (condicionelse -> empty .)
    WHILE           reduce using rule 24 (condicionelse -> empty .)
    RETURN          reduce using rule 24 (condicionelse -> empty .)
    ID              reduce using rule 24 (condicionelse -> empty .)
    INT             reduce using rule 24 (condicionelse -> empty .)
    FLOAT           reduce using rule 24 (condicionelse -> empty .)
    CHAR            reduce using rule 24 (condicionelse -> empty .)
    }               reduce using rule 24 (condicionelse -> empty .)


state 153

    (23) condicionelse -> ELSE bloque .

    IF              reduce using rule 23 (condicionelse -> ELSE bloque .)
    WRITE           reduce using rule 23 (condicionelse -> ELSE bloque .)
    WHILE           reduce using rule 23 (condicionelse -> ELSE bloque .)
    RETURN          reduce using rule 23 (condicionelse -> ELSE bloque .)
    ID              reduce using rule 23 (condicionelse -> ELSE bloque .)
    INT             reduce using rule 23 (condicionelse -> ELSE bloque .)
    FLOAT           reduce using rule 23 (condicionelse -> ELSE bloque .)
    CHAR            reduce using rule 23 (condicionelse -> ELSE bloque .)
    }               reduce using rule 23 (condicionelse -> ELSE bloque .)

WARNING: 
WARNING: Conflicts:
WARNING: 
WARNING: shift/reduce conflict for FUNCTION in state 4 resolved as shift
WARNING: shift/reduce conflict for FUNCTION in state 12 resolved as shift
WARNING: shift/reduce conflict for INT in state 24 resolved as shift
WARNING: shift/reduce conflict for FLOAT in state 24 resolved as shift
WARNING: shift/reduce conflict for CHAR in state 24 resolved as shift
WARNING: shift/reduce conflict for INT in state 35 resolved as shift
WARNING: shift/reduce conflict for FLOAT in state 35 resolved as shift
WARNING: shift/reduce conflict for CHAR in state 35 resolved as shift
WARNING: shift/reduce conflict for IF in state 41 resolved as shift
WARNING: shift/reduce conflict for WRITE in state 41 resolved as shift
WARNING: shift/reduce conflict for WHILE in state 41 resolved as shift
WARNING: shift/reduce conflict for RETURN in state 41 resolved as shift
WARNING: shift/reduce conflict for ID in state 41 resolved as shift
WARNING: shift/reduce conflict for INT in state 41 resolved as shift
WARNING: shift/reduce conflict for FLOAT in state 41 resolved as shift
WARNING: shift/reduce conflict for CHAR in state 41 resolved as shift
WARNING: shift/reduce conflict for IF in state 47 resolved as shift
WARNING: shift/reduce conflict for WRITE in state 47 resolved as shift
WARNING: shift/reduce conflict for WHILE in state 47 resolved as shift
WARNING: shift/reduce conflict for RETURN in state 47 resolved as shift
WARNING: shift/reduce conflict for ID in state 47 resolved as shift
WARNING: shift/reduce conflict for INT in state 47 resolved as shift
WARNING: shift/reduce conflict for FLOAT in state 47 resolved as shift
WARNING: shift/reduce conflict for CHAR in state 47 resolved as shift
WARNING: shift/reduce conflict for [ in state 59 resolved as shift
WARNING: reduce/reduce conflict in state 13 resolved using rule (programaF -> empty)
WARNING: rejected rule (function -> empty) in state 13
WARNING: reduce/reduce conflict in state 48 resolved using rule (estatutop -> empty)
WARNING: rejected rule (estatuto -> empty) in state 48
WARNING: reduce/reduce conflict in state 48 resolved using rule (estatuto -> empty)
WARNING: rejected rule (varsp -> empty) in state 48
WARNING: reduce/reduce conflict in state 48 resolved using rule (estatutop -> empty)
WARNING: rejected rule (varsp -> empty) in state 48
